<?xml version="1.0" encoding="UTF-8"?>
<testsuite xmlns:xsi="http://www.w3.org/2001/XMLSchema-instance" xsi:noNamespaceSchemaLocation="https://maven.apache.org/surefire/maven-surefire-plugin/xsd/surefire-test-report.xsd" version="3.0.2" name="ar.edu.challenge01.productapi.ProductApiApplicationTests" time="3.455" tests="1" errors="0" skipped="0" failures="0">
  <properties>
[...]
</properties>
  <testcase name="contextLoads" classname="ar.edu.challenge01.productapi.ProductApiApplicationTests" time="0.303">
    <system-out><![CDATA[11:13:14.046 [main] INFO org.springframework.test.context.support.AnnotationConfigContextLoaderUtils -- Could not detect default configuration classes for test class [ar.edu.challenge01.productapi.ProductApiApplicationTests]: ProductApiApplicationTests does not declare any static, non-private, non-final, nested classes annotated with @Configuration.
11:13:14.101 [main] INFO org.springframework.boot.test.context.SpringBootTestContextBootstrapper -- Found @SpringBootConfiguration ar.edu.challenge01.productapi.ProductApiApplication for test class ar.edu.challenge01.productapi.ProductApiApplicationTests

  .   ____          _            __ _ _
 /\\ / ___'_ __ _ _(_)_ __  __ _ \ \ \ \
( ( )\___ | '_ | '_| | '_ \/ _` | \ \ \ \
 \\/  ___)| |_)| | | | | || (_| |  ) ) ) )
  '  |____| .__|_| |_|_| |_\__, | / / / /
 =========|_|==============|___/=/_/_/_/

 :: Spring Boot ::                (v3.5.7)

2025-11-04T11:13:14.340-03:00  INFO 11762 --- [           main] a.e.c.p.ProductApiApplicationTests       : Starting ProductApiApplicationTests using Java 17.0.16 with PID 11762 (started by adriel in /home/adriel/Documentos/ADRIEL/Challenges/productapi)
2025-11-04T11:13:14.341-03:00  INFO 11762 --- [           main] a.e.c.p.ProductApiApplicationTests       : No active profile set, falling back to 1 default profile: "default"
2025-11-04T11:13:14.915-03:00  INFO 11762 --- [           main] .s.d.r.c.RepositoryConfigurationDelegate : Bootstrapping Spring Data JPA repositories in DEFAULT mode.
2025-11-04T11:13:14.959-03:00  INFO 11762 --- [           main] .s.d.r.c.RepositoryConfigurationDelegate : Finished Spring Data repository scanning in 35 ms. Found 1 JPA repository interface.
2025-11-04T11:13:15.383-03:00  INFO 11762 --- [           main] com.zaxxer.hikari.HikariDataSource       : HikariPool-1 - Starting...
2025-11-04T11:13:15.589-03:00  INFO 11762 --- [           main] com.zaxxer.hikari.pool.HikariPool        : HikariPool-1 - Added connection org.postgresql.jdbc.PgConnection@621624b1
2025-11-04T11:13:15.590-03:00  INFO 11762 --- [           main] com.zaxxer.hikari.HikariDataSource       : HikariPool-1 - Start completed.
2025-11-04T11:13:15.610-03:00  INFO 11762 --- [           main] org.flywaydb.core.FlywayExecutor         : Database: jdbc:postgresql://localhost:5432/productdb (PostgreSQL 18.0)
2025-11-04T11:13:15.647-03:00  INFO 11762 --- [           main] o.f.core.internal.command.DbValidate     : Successfully validated 1 migration (execution time 00:00.020s)
2025-11-04T11:13:15.693-03:00  INFO 11762 --- [           main] o.f.core.internal.command.DbMigrate      : Current version of schema "public": 1
2025-11-04T11:13:15.696-03:00  INFO 11762 --- [           main] o.f.core.internal.command.DbMigrate      : Schema "public" is up to date. No migration necessary.
2025-11-04T11:13:15.776-03:00  INFO 11762 --- [           main] o.hibernate.jpa.internal.util.LogHelper  : HHH000204: Processing PersistenceUnitInfo [name: default]
2025-11-04T11:13:15.813-03:00  INFO 11762 --- [           main] org.hibernate.Version                    : HHH000412: Hibernate ORM core version 6.6.33.Final
2025-11-04T11:13:15.841-03:00  INFO 11762 --- [           main] o.h.c.internal.RegionFactoryInitiator    : HHH000026: Second-level cache disabled
2025-11-04T11:13:16.021-03:00  INFO 11762 --- [           main] o.s.o.j.p.SpringPersistenceUnitInfo      : No LoadTimeWeaver setup: ignoring JPA class transformer
2025-11-04T11:13:16.072-03:00  INFO 11762 --- [           main] org.hibernate.orm.connections.pooling    : HHH10001005: Database info:
	Database JDBC URL [Connecting through datasource 'HikariDataSource (HikariPool-1)']
	Database driver: undefined/unknown
	Database version: 18.0
	Autocommit mode: undefined/unknown
	Isolation level: undefined/unknown
	Minimum pool size: undefined/unknown
	Maximum pool size: undefined/unknown
2025-11-04T11:13:16.436-03:00  INFO 11762 --- [           main] o.h.e.t.j.p.i.JtaPlatformInitiator       : HHH000489: No JTA platform available (set 'hibernate.transaction.jta.platform' to enable JTA platform integration)
2025-11-04T11:13:16.454-03:00  INFO 11762 --- [           main] j.LocalContainerEntityManagerFactoryBean : Initialized JPA EntityManagerFactory for persistence unit 'default'
2025-11-04T11:13:17.118-03:00  INFO 11762 --- [           main] a.e.c.p.ProductApiApplicationTests       : Started ProductApiApplicationTests in 2.939 seconds (process running for 3.483)
]]></system-out>
  </testcase>
</testsuite>